F:\CLI\YUMO2\DEBUG\YUMO2.EXE
F:\CLI\YUMO2\DEBUG\YUMO2.EXE.MANIFEST
F:\CLI\YUMO2\DEBUG\YUMO2.ILK
F:\CLI\YUMO2\DEBUG\YUMO2.PDB
F:\CLI\YUMO2\YUMO2\DEBUG\.NETFRAMEWORK,VERSION=V4.0.ASSEMBLYATTRIBUTES.OBJ
F:\CLI\YUMO2\YUMO2\DEBUG\APP.RES
F:\CLI\YUMO2\YUMO2\DEBUG\ASSEMBLYINFO.OBJ
F:\CLI\yumo2\yumo2\Debug\cl.command.1.tlog
F:\CLI\yumo2\yumo2\Debug\CL.read.1.tlog
F:\CLI\yumo2\yumo2\Debug\CL.write.1.tlog
F:\CLI\yumo2\yumo2\Debug\link.5660.read.1.tlog
F:\CLI\yumo2\yumo2\Debug\link.5660.write.1.tlog
F:\CLI\yumo2\yumo2\Debug\link.5660-cvtres.read.1.tlog
F:\CLI\yumo2\yumo2\Debug\link.5660-cvtres.write.1.tlog
F:\CLI\yumo2\yumo2\Debug\link.command.1.tlog
F:\CLI\yumo2\yumo2\Debug\link.read.1.tlog
F:\CLI\yumo2\yumo2\Debug\link.write.1.tlog
F:\CLI\YUMO2\YUMO2\DEBUG\MAINMENU.OBJ
F:\CLI\yumo2\yumo2\Debug\metagen.read.1.tlog
F:\CLI\YUMO2\YUMO2\DEBUG\METAGEN.WRITE.1.TLOG
F:\CLI\yumo2\yumo2\Debug\MICROSOFT.VISUALBASIC.POWERPACKS.VS.DLL.metagen
F:\CLI\yumo2\yumo2\Debug\mt.command.1.tlog
F:\CLI\yumo2\yumo2\Debug\mt.read.1.tlog
F:\CLI\yumo2\yumo2\Debug\mt.write.1.tlog
F:\CLI\yumo2\yumo2\Debug\rc.command.1.tlog
F:\CLI\yumo2\yumo2\Debug\rc.read.1.tlog
F:\CLI\yumo2\yumo2\Debug\rc.write.1.tlog
F:\CLI\yumo2\yumo2\Debug\RSAENH.DLL.bi
F:\CLI\YUMO2\YUMO2\DEBUG\STDAFX.OBJ
F:\CLI\yumo2\yumo2\Debug\TZRES.DLL.bi
F:\CLI\YUMO2\YUMO2\DEBUG\VC100.PDB
F:\CLI\YUMO2\YUMO2\DEBUG\YUMO2.EXE.INTERMEDIATE.MANIFEST
F:\CLI\yumo2\yumo2\Debug\yumo2.Form1.resources
F:\CLI\yumo2\yumo2\Debug\yumo2.Mainmenu.resources
F:\CLI\YUMO2\YUMO2\DEBUG\YUMO2.OBJ
F:\CLI\YUMO2\YUMO2\DEBUG\YUMO2.PCH
F:\CLI\yumo2\yumo2\Debug\yumo2.vcxproj.GenerateResource.Cache
F:\CLI\yumo2\yumo2\Debug\yumo2.write.1.tlog
